{
library : {
name   : "AsterBehaviour";
type   : SHARED_LIBRARY;
prefix : "lib";
suffix : "so";
install_path : "";
sources : {
"asterMCBigoniMini.cxx",
"MCBigoniMini.cxx",
"asterMCBigoniMiniIH.cxx",
"MCBigoniMiniIH.cxx",
"asterMCBigoniFull.cxx",
"MCBigoniFull.cxx",
"asterMCBigoniMiniKHD.cxx",
"MCBigoniMiniKHD.cxx"
};
cppflags : {
"$(shell tfel-config-3.4.0 --cppflags --compiler-flags)",
"-DASTER_ARCH=64"
};
include_directories : {
"$(shell tfel-config-3.4.0 --include-path)"
};
link_directories : {
"$(shell tfel-config-3.4.0 --library-path)"
};
link_libraries : {
"AsterInterface-3.4.0",
"$(shell tfel-config-3.4.0 --library-dependency --material --mfront-profiling --physical-constants)"
};
epts : {
"astermcbigonimini",
"astermcbigoniminiih",
"astermcbigonifull",
"astermcbigoniminikhd"
};
};
headers : {
"MFront/Aster/asterMCBigoniMini.hxx",
"TFEL/Material/MCBigoniMini.hxx",
"TFEL/Material/MCBigoniMiniBehaviourData.hxx",
"TFEL/Material/MCBigoniMiniIntegrationData.hxx",
"MFront/Aster/asterMCBigoniMiniIH.hxx",
"TFEL/Material/MCBigoniMiniIH.hxx",
"TFEL/Material/MCBigoniMiniIHBehaviourData.hxx",
"TFEL/Material/MCBigoniMiniIHIntegrationData.hxx",
"MFront/Aster/asterMCBigoniFull.hxx",
"TFEL/Material/MCBigoniFull.hxx",
"TFEL/Material/MCBigoniFullBehaviourData.hxx",
"TFEL/Material/MCBigoniFullIntegrationData.hxx",
"MFront/Aster/asterMCBigoniMiniKHD.hxx",
"TFEL/Material/MCBigoniMiniKHD.hxx",
"TFEL/Material/MCBigoniMiniKHDBehaviourData.hxx",
"TFEL/Material/MCBigoniMiniKHDIntegrationData.hxx"
};
};
